2023-03-04 00:12:54.443 | INFO     | __main__:run:45 - 监听IP:192.168.10.7 , 配置环境：home
2023-03-04 00:13:08.009 | INFO     | lib.tcp_server.service:get_id:83 - ruson 已连接
2023-03-04 00:13:09.423 | INFO     | __main__:flush:22 - 发现画面更新，正在分发
2023-03-04 00:13:11.013 | INFO     | lib.tcp_server.service:progresses:15 - -----id:ruson batter:3891 正在分发 0%  -----
2023-03-04 00:13:11.013 | INFO     | lib.tcp_server.service:progresses:16 - -----id:ruson batter:3891 正在分发 0  -----
2023-03-04 00:13:12.584 | INFO     | lib.tcp_server.service:progresses:16 - -----id:ruson batter:3891 正在分发 6  -----
2023-03-04 00:13:12.755 | INFO     | lib.tcp_server.service:progresses:16 - -----id:ruson batter:3891 正在分发 13  -----
2023-03-04 00:13:12.804 | INFO     | lib.tcp_server.service:progresses:16 - -----id:ruson batter:3891 正在分发 20  -----
2023-03-04 00:13:12.840 | INFO     | lib.tcp_server.service:progresses:16 - -----id:ruson batter:3891 正在分发 26  -----
2023-03-04 00:13:12.971 | INFO     | lib.tcp_server.service:progresses:16 - -----id:ruson batter:3891 正在分发 33  -----
2023-03-04 00:13:13.009 | INFO     | lib.tcp_server.service:progresses:16 - -----id:ruson batter:3891 正在分发 40  -----
2023-03-04 00:13:13.060 | INFO     | lib.tcp_server.service:progresses:16 - -----id:ruson batter:3891 正在分发 46  -----
2023-03-04 00:13:13.177 | INFO     | lib.tcp_server.service:progresses:16 - -----id:ruson batter:3891 正在分发 53  -----
2023-03-04 00:13:13.220 | INFO     | lib.tcp_server.service:progresses:16 - -----id:ruson batter:3891 正在分发 60  -----
2023-03-04 00:13:13.261 | INFO     | lib.tcp_server.service:progresses:16 - -----id:ruson batter:3891 正在分发 66  -----
2023-03-04 00:13:13.379 | INFO     | lib.tcp_server.service:progresses:16 - -----id:ruson batter:3891 正在分发 73  -----
2023-03-04 00:13:13.418 | INFO     | lib.tcp_server.service:progresses:16 - -----id:ruson batter:3891 正在分发 80  -----
2023-03-04 00:13:13.462 | INFO     | lib.tcp_server.service:progresses:16 - -----id:ruson batter:3891 正在分发 86  -----
2023-03-04 00:13:13.579 | INFO     | lib.tcp_server.service:progresses:16 - -----id:ruson batter:3891 正在分发 93  -----
2023-03-04 00:13:18.884 | INFO     | lib.tcp_server.service:flush_buffer:161 - 画面刷新完毕
2023-03-04 00:13:20.296 | INFO     | __main__:flush:22 - 发现画面更新，正在分发
