2023-03-04 00:19:44.648 | INFO     | __main__:run:45 - 监听IP:192.168.10.7 , 配置环境：home
2023-03-04 00:19:57.710 | INFO     | lib.tcp_server.service:get_id:83 - ruson 已连接
2023-03-04 00:19:59.123 | INFO     | __main__:flush:22 - 发现画面更新，正在分发
2023-03-04 00:20:00.696 | INFO     | lib.tcp_server.service:progresses:15 - -----id:ruson batter:3900 正在分发 0%  -----
2023-03-04 00:20:00.696 | INFO     | lib.tcp_server.service:progresses:16 - -----id:ruson batter:3900 正在分发 0  -----
2023-03-04 00:20:02.262 | INFO     | lib.tcp_server.service:progresses:16 - -----id:ruson batter:3900 正在分发 6  -----
2023-03-04 00:20:02.361 | INFO     | lib.tcp_server.service:progresses:16 - -----id:ruson batter:3900 正在分发 13  -----
2023-03-04 00:20:02.405 | INFO     | lib.tcp_server.service:progresses:16 - -----id:ruson batter:3900 正在分发 20  -----
2023-03-04 00:20:02.525 | INFO     | lib.tcp_server.service:progresses:16 - -----id:ruson batter:3900 正在分发 26  -----
2023-03-04 00:20:02.566 | INFO     | lib.tcp_server.service:progresses:16 - -----id:ruson batter:3900 正在分发 33  -----
2023-03-04 00:20:02.613 | INFO     | lib.tcp_server.service:progresses:16 - -----id:ruson batter:3900 正在分发 40  -----
2023-03-04 00:20:02.731 | INFO     | lib.tcp_server.service:progresses:16 - -----id:ruson batter:3900 正在分发 46  -----
2023-03-04 00:20:02.766 | INFO     | lib.tcp_server.service:progresses:16 - -----id:ruson batter:3900 正在分发 53  -----
2023-03-04 00:20:02.812 | INFO     | lib.tcp_server.service:progresses:16 - -----id:ruson batter:3900 正在分发 60  -----
2023-03-04 00:20:02.936 | INFO     | lib.tcp_server.service:progresses:16 - -----id:ruson batter:3900 正在分发 66  -----
2023-03-04 00:20:02.977 | INFO     | lib.tcp_server.service:progresses:16 - -----id:ruson batter:3900 正在分发 73  -----
2023-03-04 00:20:03.033 | INFO     | lib.tcp_server.service:progresses:16 - -----id:ruson batter:3900 正在分发 80  -----
2023-03-04 00:20:03.153 | INFO     | lib.tcp_server.service:progresses:16 - -----id:ruson batter:3900 正在分发 86  -----
2023-03-04 00:20:03.190 | INFO     | lib.tcp_server.service:progresses:16 - -----id:ruson batter:3900 正在分发 93  -----
2023-03-04 00:20:08.573 | INFO     | lib.tcp_server.service:flush_buffer:161 - 画面刷新完毕
2023-03-04 00:21:09.986 | SUCCESS  | __main__:flush:28 - 剩余电量:3894
2023-03-04 00:21:09.986 | INFO     | __main__:flush:22 - 发现画面更新，正在分发
2023-03-04 00:21:11.556 | INFO     | lib.tcp_server.service:progresses:15 - -----id:ruson batter:3894 正在分发 0%  -----
2023-03-04 00:21:11.556 | INFO     | lib.tcp_server.service:progresses:16 - -----id:ruson batter:3894 正在分发 0  -----
2023-03-04 00:21:13.115 | INFO     | lib.tcp_server.service:progresses:16 - -----id:ruson batter:3894 正在分发 6  -----
2023-03-04 00:21:13.202 | INFO     | lib.tcp_server.service:progresses:16 - -----id:ruson batter:3894 正在分发 13  -----
2023-03-04 00:21:13.324 | INFO     | lib.tcp_server.service:progresses:16 - -----id:ruson batter:3894 正在分发 20  -----
2023-03-04 00:21:13.366 | INFO     | lib.tcp_server.service:progresses:16 - -----id:ruson batter:3894 正在分发 26  -----
2023-03-04 00:21:13.410 | INFO     | lib.tcp_server.service:progresses:16 - -----id:ruson batter:3894 正在分发 33  -----
2023-03-04 00:21:13.524 | INFO     | lib.tcp_server.service:progresses:16 - -----id:ruson batter:3894 正在分发 40  -----
2023-03-04 00:21:13.577 | INFO     | lib.tcp_server.service:progresses:16 - -----id:ruson batter:3894 正在分发 46  -----
2023-03-04 00:21:13.611 | INFO     | lib.tcp_server.service:progresses:16 - -----id:ruson batter:3894 正在分发 53  -----
2023-03-04 00:21:13.736 | INFO     | lib.tcp_server.service:progresses:16 - -----id:ruson batter:3894 正在分发 60  -----
2023-03-04 00:21:13.781 | INFO     | lib.tcp_server.service:progresses:16 - -----id:ruson batter:3894 正在分发 66  -----
2023-03-04 00:21:13.818 | INFO     | lib.tcp_server.service:progresses:16 - -----id:ruson batter:3894 正在分发 73  -----
2023-03-04 00:21:13.946 | INFO     | lib.tcp_server.service:progresses:16 - -----id:ruson batter:3894 正在分发 80  -----
2023-03-04 00:21:13.987 | INFO     | lib.tcp_server.service:progresses:16 - -----id:ruson batter:3894 正在分发 86  -----
2023-03-04 00:21:14.034 | INFO     | lib.tcp_server.service:progresses:16 - -----id:ruson batter:3894 正在分发 93  -----
2023-03-04 00:21:19.415 | INFO     | lib.tcp_server.service:flush_buffer:161 - 画面刷新完毕
2023-03-04 00:22:20.823 | SUCCESS  | __main__:flush:28 - 剩余电量:3891
2023-03-04 00:22:20.823 | INFO     | __main__:flush:22 - 发现画面更新，正在分发
2023-03-04 00:22:22.390 | INFO     | lib.tcp_server.service:progresses:15 - -----id:ruson batter:3891 正在分发 0%  -----
2023-03-04 00:22:22.390 | INFO     | lib.tcp_server.service:progresses:16 - -----id:ruson batter:3891 正在分发 0  -----
2023-03-04 00:22:23.945 | INFO     | lib.tcp_server.service:progresses:16 - -----id:ruson batter:3891 正在分发 6  -----
2023-03-04 00:22:24.035 | INFO     | lib.tcp_server.service:progresses:16 - -----id:ruson batter:3891 正在分发 13  -----
2023-03-04 00:22:24.143 | INFO     | lib.tcp_server.service:progresses:16 - -----id:ruson batter:3891 正在分发 20  -----
2023-03-04 00:22:24.192 | INFO     | lib.tcp_server.service:progresses:16 - -----id:ruson batter:3891 正在分发 26  -----
2023-03-04 00:22:24.229 | INFO     | lib.tcp_server.service:progresses:16 - -----id:ruson batter:3891 正在分发 33  -----
2023-03-04 00:22:24.353 | INFO     | lib.tcp_server.service:progresses:16 - -----id:ruson batter:3891 正在分发 40  -----
2023-03-04 00:22:24.399 | INFO     | lib.tcp_server.service:progresses:16 - -----id:ruson batter:3891 正在分发 46  -----
2023-03-04 00:22:24.438 | INFO     | lib.tcp_server.service:progresses:16 - -----id:ruson batter:3891 正在分发 53  -----
2023-03-04 00:22:24.567 | INFO     | lib.tcp_server.service:progresses:16 - -----id:ruson batter:3891 正在分发 60  -----
2023-03-04 00:22:24.612 | INFO     | lib.tcp_server.service:progresses:16 - -----id:ruson batter:3891 正在分发 66  -----
2023-03-04 00:22:24.650 | INFO     | lib.tcp_server.service:progresses:16 - -----id:ruson batter:3891 正在分发 73  -----
2023-03-04 00:22:24.773 | INFO     | lib.tcp_server.service:progresses:16 - -----id:ruson batter:3891 正在分发 80  -----
2023-03-04 00:22:24.816 | INFO     | lib.tcp_server.service:progresses:16 - -----id:ruson batter:3891 正在分发 86  -----
2023-03-04 00:22:24.863 | INFO     | lib.tcp_server.service:progresses:16 - -----id:ruson batter:3891 正在分发 93  -----
2023-03-04 00:22:30.252 | INFO     | lib.tcp_server.service:flush_buffer:161 - 画面刷新完毕
